<?xml version="1.0" encoding="UTF-8"?>
<!-- Generated by org.testng.reporters.JUnitXMLReporter -->
<testsuite ignored="2" hostname="PQA-0591LT" failures="0" tests="2" name="Test" time="0.061" errors="0" timestamp="2023-09-26T22:25:47 EDT">
  <testcase classname="myclasses.WebTesting" name="First_WebTest" time="0.011"/>
  <testcase classname="myclasses.MobileTesting" name="SEcond_MobileTest" time="0.001"/>
  <testcase classname="myclasses.MobileTesting" name="First_MobileTest" time="0.0">
    <ignored/>
  </testcase> <!-- First_MobileTest -->
  <testcase classname="myclasses.WebTesting" name="Second_WebTest" time="0.0">
    <ignored/>
  </testcase> <!-- Second_WebTest -->
</testsuite> <!-- Test -->
