<?xml version="1.0" encoding="UTF-8"?>
<!-- Generated by org.testng.reporters.JUnitXMLReporter -->
<testsuite ignored="2" hostname="PQA-0591LT" failures="0" tests="2" name="Test" time="0.103" errors="0" timestamp="2023-09-25T23:13:15 EDT">
  <testcase classname="myclasses.WebTesting" name="Second_WebTest" time="0.016"/>
  <testcase classname="myclasses.MobileTesting" name="First_MobileTest" time="0.0"/>
  <testcase classname="myclasses.WebTesting" name="First_WebTest" time="0.0">
    <ignored/>
  </testcase> <!-- First_WebTest -->
  <testcase classname="myclasses.MobileTesting" name="SEcond_MobileTest" time="0.0">
    <ignored/>
  </testcase> <!-- SEcond_MobileTest -->
</testsuite> <!-- Test -->
