<?xml version="1.0" encoding="UTF-8"?>
<testng-results ignored="0" total="4" passed="4" failed="0" skipped="0">
  <reporter-output>
  </reporter-output>
  <suite started-at="2023-09-25T23:33:33 EDT" name="Suite" finished-at="2023-09-25T23:33:33 EDT" duration-ms="168">
    <groups>
      <group name="Smoke">
        <method signature="WebTesting.First_WebTest()[pri:0, instance:myclasses.WebTesting@52e6fdee]" name="First_WebTest" class="myclasses.WebTesting"/>
        <method signature="MobileTesting.SEcond_MobileTest()[pri:0, instance:myclasses.MobileTesting@10e31a9a]" name="SEcond_MobileTest" class="myclasses.MobileTesting"/>
      </group> <!-- Smoke -->
    </groups>
    <test started-at="2023-09-25T23:33:33 EDT" name="Test1" finished-at="2023-09-25T23:33:33 EDT" duration-ms="88">
      <class name="myclasses.WebTesting">
        <test-method is-config="true" signature="Before_WebTest()[pri:0, instance:myclasses.WebTesting@52e6fdee]" started-at="2023-09-25T23:33:33 EDT" name="Before_WebTest" finished-at="2023-09-25T23:33:33 EDT" duration-ms="18" status="PASS">
          <reporter-output>
          </reporter-output>
        </test-method> <!-- Before_WebTest -->
        <test-method is-config="true" signature="BeforeClass_WebTest()[pri:0, instance:myclasses.WebTesting@52e6fdee]" started-at="2023-09-25T23:33:33 EDT" name="BeforeClass_WebTest" finished-at="2023-09-25T23:33:33 EDT" duration-ms="0" status="PASS">
          <reporter-output>
          </reporter-output>
        </test-method> <!-- BeforeClass_WebTest -->
        <test-method signature="First_WebTest()[pri:0, instance:myclasses.WebTesting@52e6fdee]" started-at="2023-09-25T23:33:33 EDT" name="First_WebTest" finished-at="2023-09-25T23:33:33 EDT" duration-ms="7" status="PASS">
          <reporter-output>
          </reporter-output>
        </test-method> <!-- First_WebTest -->
        <test-method signature="Second_WebTest(java.lang.String,java.lang.String)[pri:0, instance:myclasses.WebTesting@52e6fdee]" started-at="2023-09-25T23:33:33 EDT" name="Second_WebTest" finished-at="2023-09-25T23:33:33 EDT" duration-ms="1" status="PASS">
          <params>
            <param index="0">
              <value>
                <![CDATA[mandy24]]>
              </value>
            </param>
            <param index="1">
              <value>
                <![CDATA[mypassword]]>
              </value>
            </param>
          </params>
          <reporter-output>
          </reporter-output>
        </test-method> <!-- Second_WebTest -->
        <test-method is-config="true" signature="AfterClass_WebTest()[pri:0, instance:myclasses.WebTesting@52e6fdee]" started-at="2023-09-25T23:33:33 EDT" name="AfterClass_WebTest" finished-at="2023-09-25T23:33:33 EDT" duration-ms="0" status="PASS">
          <reporter-output>
          </reporter-output>
        </test-method> <!-- AfterClass_WebTest -->
        <test-method is-config="true" signature="After_WebTest()[pri:0, instance:myclasses.WebTesting@52e6fdee]" started-at="2023-09-25T23:33:33 EDT" name="After_WebTest" finished-at="2023-09-25T23:33:33 EDT" duration-ms="0" status="PASS">
          <reporter-output>
          </reporter-output>
        </test-method> <!-- After_WebTest -->
      </class> <!-- myclasses.WebTesting -->
    </test> <!-- Test1 -->
    <test started-at="2023-09-25T23:33:33 EDT" name="Test2" finished-at="2023-09-25T23:33:33 EDT" duration-ms="5">
      <class name="myclasses.MobileTesting">
        <test-method signature="First_MobileTest(java.lang.String,java.lang.String)[pri:0, instance:myclasses.MobileTesting@10e31a9a]" started-at="2023-09-25T23:33:33 EDT" name="First_MobileTest" finished-at="2023-09-25T23:33:33 EDT" duration-ms="1" status="PASS">
          <params>
            <param index="0">
              <value>
                <![CDATA[mandy24]]>
              </value>
            </param>
            <param index="1">
              <value>
                <![CDATA[mypassword]]>
              </value>
            </param>
          </params>
          <reporter-output>
          </reporter-output>
        </test-method> <!-- First_MobileTest -->
        <test-method signature="SEcond_MobileTest()[pri:0, instance:myclasses.MobileTesting@10e31a9a]" started-at="2023-09-25T23:33:33 EDT" name="SEcond_MobileTest" finished-at="2023-09-25T23:33:33 EDT" duration-ms="0" status="PASS">
          <reporter-output>
          </reporter-output>
        </test-method> <!-- SEcond_MobileTest -->
      </class> <!-- myclasses.MobileTesting -->
    </test> <!-- Test2 -->
  </suite> <!-- Suite -->
</testng-results>
