<?xml version="1.0" encoding="UTF-8"?>
<testng-results ignored="0" total="2" passed="2" failed="0" skipped="0">
  <reporter-output>
  </reporter-output>
  <suite started-at="2023-09-24T23:39:44 EDT" name="Default suite" finished-at="2023-09-24T23:39:45 EDT" duration-ms="95">
    <groups>
    </groups>
    <test started-at="2023-09-24T23:39:44 EDT" name="Default test" finished-at="2023-09-24T23:39:45 EDT" duration-ms="95">
      <class name="WebTesting">
        <test-method is-config="true" signature="Before_WebTest()[pri:0, instance:WebTesting@42e99e4a]" started-at="2023-09-24T23:39:44 EDT" name="Before_WebTest" finished-at="2023-09-24T23:39:44 EDT" duration-ms="16" status="PASS">
          <reporter-output>
          </reporter-output>
        </test-method> <!-- Before_WebTest -->
        <test-method is-config="true" signature="Before_Method_WebTest()[pri:0, instance:WebTesting@42e99e4a]" started-at="2023-09-24T23:39:45 EDT" name="Before_Method_WebTest" finished-at="2023-09-24T23:39:45 EDT" duration-ms="1" status="PASS">
          <reporter-output>
          </reporter-output>
        </test-method> <!-- Before_Method_WebTest -->
        <test-method signature="First_WebTest()[pri:0, instance:WebTesting@42e99e4a]" started-at="2023-09-24T23:39:45 EDT" name="First_WebTest" finished-at="2023-09-24T23:39:45 EDT" duration-ms="11" status="PASS">
          <reporter-output>
          </reporter-output>
        </test-method> <!-- First_WebTest -->
        <test-method is-config="true" signature="After_Method_WebTest()[pri:0, instance:WebTesting@42e99e4a]" started-at="2023-09-24T23:39:45 EDT" name="After_Method_WebTest" finished-at="2023-09-24T23:39:45 EDT" duration-ms="1" status="PASS">
          <reporter-output>
          </reporter-output>
        </test-method> <!-- After_Method_WebTest -->
        <test-method is-config="true" signature="Before_Method_WebTest()[pri:0, instance:WebTesting@42e99e4a]" started-at="2023-09-24T23:39:45 EDT" name="Before_Method_WebTest" finished-at="2023-09-24T23:39:45 EDT" duration-ms="1" status="PASS">
          <reporter-output>
          </reporter-output>
        </test-method> <!-- Before_Method_WebTest -->
        <test-method signature="Second_WebTest()[pri:0, instance:WebTesting@42e99e4a]" started-at="2023-09-24T23:39:45 EDT" name="Second_WebTest" finished-at="2023-09-24T23:39:45 EDT" duration-ms="0" status="PASS">
          <reporter-output>
          </reporter-output>
        </test-method> <!-- Second_WebTest -->
        <test-method is-config="true" signature="After_Method_WebTest()[pri:0, instance:WebTesting@42e99e4a]" started-at="2023-09-24T23:39:45 EDT" name="After_Method_WebTest" finished-at="2023-09-24T23:39:45 EDT" duration-ms="0" status="PASS">
          <reporter-output>
          </reporter-output>
        </test-method> <!-- After_Method_WebTest -->
        <test-method is-config="true" signature="After_WebTest()[pri:0, instance:WebTesting@42e99e4a]" started-at="2023-09-24T23:39:45 EDT" name="After_WebTest" finished-at="2023-09-24T23:39:45 EDT" duration-ms="0" status="PASS">
          <reporter-output>
          </reporter-output>
        </test-method> <!-- After_WebTest -->
      </class> <!-- WebTesting -->
    </test> <!-- Default test -->
  </suite> <!-- Default suite -->
</testng-results>
